<?xml version="1.0" encoding="UTF-8"?>
<testng-results skipped="0" failed="0" ignored="0" total="1" passed="1">
  <reporter-output>
  </reporter-output>
  <suite name="Default suite" duration-ms="23084" started-at="2020-10-29T10:48:07Z" finished-at="2020-10-29T10:48:30Z">
    <groups>
    </groups>
    <test name="Default test" duration-ms="23084" started-at="2020-10-29T10:48:07Z" finished-at="2020-10-29T10:48:30Z">
      <class name="com.SAP.TestScripts.SapSignupTest">
        <test-method status="PASS" signature="setup()[pri:0, instance:com.SAP.TestScripts.SapSignupTest@add0edd]" name="setup" is-config="true" duration-ms="881" started-at="2020-10-29T10:48:07Z" finished-at="2020-10-29T10:48:08Z">
          <reporter-output>
          </reporter-output>
        </test-method> <!-- setup -->
        <test-method status="PASS" signature="beforeClass()[pri:0, instance:com.SAP.TestScripts.SapSignupTest@add0edd]" name="beforeClass" is-config="true" duration-ms="6077" started-at="2020-10-29T10:48:08Z" finished-at="2020-10-29T10:48:14Z">
          <reporter-output>
          </reporter-output>
        </test-method> <!-- beforeClass -->
        <test-method status="PASS" signature="signUptest()[pri:0, instance:com.SAP.TestScripts.SapSignupTest@add0edd]" name="signUptest" duration-ms="14306" started-at="2020-10-29T10:48:14Z" finished-at="2020-10-29T10:48:28Z">
          <reporter-output>
          </reporter-output>
        </test-method> <!-- signUptest -->
        <test-method status="PASS" signature="tearDown(org.testng.ITestResult)[pri:0, instance:com.SAP.TestScripts.SapSignupTest@add0edd]" name="tearDown" is-config="true" duration-ms="3" started-at="2020-10-29T10:48:28Z" finished-at="2020-10-29T10:48:28Z">
          <params>
            <param index="0">
              <value>
                <![CDATA[[TestResult name=signUptest status=SUCCESS method=SapSignupTest.signUptest()[pri:0, instance:com.SAP.TestScripts.SapSignupTest@add0edd] output={null}]]]>
              </value>
            </param>
          </params>
          <reporter-output>
          </reporter-output>
        </test-method> <!-- tearDown -->
        <test-method status="PASS" signature="endReport()[pri:0, instance:com.SAP.TestScripts.SapSignupTest@add0edd]" name="endReport" is-config="true" duration-ms="1773" started-at="2020-10-29T10:48:28Z" finished-at="2020-10-29T10:48:30Z">
          <reporter-output>
          </reporter-output>
        </test-method> <!-- endReport -->
      </class> <!-- com.SAP.TestScripts.SapSignupTest -->
    </test> <!-- Default test -->
  </suite> <!-- Default suite -->
</testng-results>
